build/app/intermediates/manifest_merge_blame_file/release/processReleaseMainManifest/manifest-merger-blame-release-report.txt
1<?xml version="1.0" encoding="utf-8"?>
2<manifest xmlns:android="http://schemas.android.com/apk/res/android"
3    package="com.example.myapp"
4    android:versionCode="1"
5    android:versionName="1.0.0" >
6
7    <uses-sdk
8        android:minSdkVersion="24"
9        android:targetSdkVersion="36" />
10    <!-- Permissions for location -->
11    <uses-permission android:name="android.permission.ACCESS_FINE_LOCATION" />
11-->src/main/AndroidManifest.xml:3:5-79
11-->src/main/AndroidManifest.xml:3:22-76
12    <uses-permission android:name="android.permission.ACCESS_COARSE_LOCATION" />
12-->src/main/AndroidManifest.xml:4:5-81
12-->src/main/AndroidManifest.xml:4:22-78
13
14    <!-- Permissions for overlay and background service -->
15    <uses-permission android:name="android.permission.SYSTEM_ALERT_WINDOW" />
15-->src/main/AndroidManifest.xml:7:5-78
15-->src/main/AndroidManifest.xml:7:22-75
16    <uses-permission android:name="android.permission.FOREGROUND_SERVICE" />
16-->src/main/AndroidManifest.xml:8:5-77
16-->src/main/AndroidManifest.xml:8:22-74
17    <uses-permission android:name="android.permission.FOREGROUND_SERVICE_LOCATION" />
17-->src/main/AndroidManifest.xml:9:5-86
17-->src/main/AndroidManifest.xml:9:22-83
18    <uses-permission android:name="android.permission.ACCESS_BACKGROUND_LOCATION" />
18-->src/main/AndroidManifest.xml:10:5-85
18-->src/main/AndroidManifest.xml:10:22-82
19    <uses-permission android:name="android.permission.POST_NOTIFICATIONS" />
19-->src/main/AndroidManifest.xml:11:5-76
19-->src/main/AndroidManifest.xml:11:22-74
20    <!--
21         Required to query activities that can process text, see:
22         https://developer.android.com/training/package-visibility and
23         https://developer.android.com/reference/android/content/Intent#ACTION_PROCESS_TEXT.
24
25         In particular, this is used by the Flutter engine in io.flutter.plugin.text.ProcessTextPlugin.
26    -->
27    <queries>
27-->src/main/AndroidManifest.xml:63:5-68:15
28        <intent>
28-->src/main/AndroidManifest.xml:64:9-67:18
29            <action android:name="android.intent.action.PROCESS_TEXT" />
29-->src/main/AndroidManifest.xml:65:13-72
29-->src/main/AndroidManifest.xml:65:21-70
30
31            <data android:mimeType="text/plain" />
31-->src/main/AndroidManifest.xml:66:13-50
31-->src/main/AndroidManifest.xml:66:19-48
32        </intent>
33    </queries>
34
35    <uses-permission android:name="android.permission.RECEIVE_BOOT_COMPLETED" />
35-->[:flutter_background_service_android] AndroidManifest.xml:8:5-81
35-->[:flutter_background_service_android] AndroidManifest.xml:8:22-78
36    <uses-permission android:name="android.permission.WAKE_LOCK" />
36-->[:flutter_background_service_android] AndroidManifest.xml:9:5-68
36-->[:flutter_background_service_android] AndroidManifest.xml:9:22-65
37    <uses-permission android:name="android.permission.VIBRATE" /> <!-- Although the *SdkVersion is captured in gradle build files, this is required for non gradle builds -->
37-->[:flutter_local_notifications] AndroidManifest.xml:7:5-66
37-->[:flutter_local_notifications] AndroidManifest.xml:7:22-63
38    <!-- <uses-sdk android:minSdkVersion="21" /> -->
39    <uses-permission android:name="android.permission.ACCESS_NETWORK_STATE" />
39-->[com.google.firebase:firebase-firestore:26.0.2] AndroidManifest.xml:10:5-79
39-->[com.google.firebase:firebase-firestore:26.0.2] AndroidManifest.xml:10:22-76
40    <uses-permission android:name="android.permission.INTERNET" />
40-->[com.google.firebase:firebase-firestore:26.0.2] AndroidManifest.xml:11:5-67
40-->[com.google.firebase:firebase-firestore:26.0.2] AndroidManifest.xml:11:22-64
41    <uses-permission android:name="com.google.android.providers.gsf.permission.READ_GSERVICES" />
41-->[com.google.android.recaptcha:recaptcha:18.6.1] AndroidManifest.xml:9:5-98
41-->[com.google.android.recaptcha:recaptcha:18.6.1] AndroidManifest.xml:9:22-95
42
43    <permission
43-->[androidx.core:core:1.13.1] AndroidManifest.xml:22:5-24:47
44        android:name="com.example.myapp.DYNAMIC_RECEIVER_NOT_EXPORTED_PERMISSION"
44-->[androidx.core:core:1.13.1] AndroidManifest.xml:23:9-81
45        android:protectionLevel="signature" />
45-->[androidx.core:core:1.13.1] AndroidManifest.xml:24:9-44
46
47    <uses-permission android:name="com.example.myapp.DYNAMIC_RECEIVER_NOT_EXPORTED_PERMISSION" />
47-->[androidx.core:core:1.13.1] AndroidManifest.xml:26:5-97
47-->[androidx.core:core:1.13.1] AndroidManifest.xml:26:22-94
48
49    <application
50        android:name="android.app.Application"
50-->src/main/AndroidManifest.xml:15:9-42
51        android:appComponentFactory="androidx.core.app.CoreComponentFactory"
51-->[androidx.core:core:1.13.1] AndroidManifest.xml:28:18-86
52        android:extractNativeLibs="false"
53        android:icon="@mipmap/ic_launcher"
53-->src/main/AndroidManifest.xml:16:9-43
54        android:label="myapp" >
54-->src/main/AndroidManifest.xml:14:9-30
55        <activity
55-->src/main/AndroidManifest.xml:17:9-44:20
56            android:name="com.example.myapp.MainActivity"
56-->src/main/AndroidManifest.xml:18:13-41
57            android:configChanges="orientation|keyboardHidden|keyboard|screenSize|smallestScreenSize|locale|layoutDirection|fontScale|screenLayout|density|uiMode"
57-->src/main/AndroidManifest.xml:23:13-163
58            android:exported="true"
58-->src/main/AndroidManifest.xml:19:13-36
59            android:hardwareAccelerated="true"
59-->src/main/AndroidManifest.xml:24:13-47
60            android:launchMode="singleTop"
60-->src/main/AndroidManifest.xml:20:13-43
61            android:taskAffinity=""
61-->src/main/AndroidManifest.xml:21:13-36
62            android:theme="@style/LaunchTheme"
62-->src/main/AndroidManifest.xml:22:13-47
63            android:windowSoftInputMode="adjustResize" >
63-->src/main/AndroidManifest.xml:25:13-55
64
65            <!-- Meta-data for overlay window -->
66            <meta-data
66-->src/main/AndroidManifest.xml:28:13-30:40
67                android:name="flutter_overlay_window_main"
67-->src/main/AndroidManifest.xml:29:17-59
68                android:value="true" />
68-->src/main/AndroidManifest.xml:30:17-37
69
70            <!--
71                 Specifies an Android theme to apply to this Activity as soon as
72                 the Android process has started. This theme is visible to the user
73                 while the Flutter UI initializes. After that, this theme continues
74                 to determine the Window background behind the Flutter UI.
75            -->
76            <meta-data
76-->src/main/AndroidManifest.xml:36:13-39:17
77                android:name="io.flutter.embedding.android.NormalTheme"
77-->src/main/AndroidManifest.xml:37:15-70
78                android:resource="@style/NormalTheme" />
78-->src/main/AndroidManifest.xml:38:15-52
79
80            <intent-filter>
80-->src/main/AndroidManifest.xml:40:13-43:29
81                <action android:name="android.intent.action.MAIN" />
81-->src/main/AndroidManifest.xml:41:17-68
81-->src/main/AndroidManifest.xml:41:25-66
82
83                <category android:name="android.intent.category.LAUNCHER" />
83-->src/main/AndroidManifest.xml:42:17-76
83-->src/main/AndroidManifest.xml:42:27-74
84            </intent-filter>
85        </activity>
86
87        <!-- Background Service registration -->
88        <service
88-->src/main/AndroidManifest.xml:47:9-50:40
89            android:name="id.flutter.flutter_background_service.FlutterBackgroundService"
89-->src/main/AndroidManifest.xml:48:13-90
90            android:exported="false"
90-->src/main/AndroidManifest.xml:50:13-37
91            android:foregroundServiceType="location" />
91-->src/main/AndroidManifest.xml:49:13-53
92
93        <!--
94             Don't delete the meta-data below.
95             This is used by the Flutter tool to generate GeneratedPluginRegistrant.java
96        -->
97        <meta-data
97-->src/main/AndroidManifest.xml:54:9-56:33
98            android:name="flutterEmbedding"
98-->src/main/AndroidManifest.xml:55:13-44
99            android:value="2" />
99-->src/main/AndroidManifest.xml:56:13-30
100
101        <service
101-->[:location] AndroidManifest.xml:11:9-15:56
102            android:name="com.lyokone.location.FlutterLocationService"
102-->[:location] AndroidManifest.xml:12:13-71
103            android:enabled="true"
103-->[:location] AndroidManifest.xml:13:13-35
104            android:exported="false"
104-->[:location] AndroidManifest.xml:14:13-37
105            android:foregroundServiceType="location" />
105-->[:location] AndroidManifest.xml:15:13-53
106        <service
106-->[:flutter_background_service_android] AndroidManifest.xml:12:9-16:44
107            android:name="id.flutter.flutter_background_service.BackgroundService"
107-->[:flutter_background_service_android] AndroidManifest.xml:13:13-83
108            android:enabled="true"
108-->[:flutter_background_service_android] AndroidManifest.xml:14:13-35
109            android:exported="true"
109-->[:flutter_background_service_android] AndroidManifest.xml:15:13-36
110            android:stopWithTask="false" />
110-->[:flutter_background_service_android] AndroidManifest.xml:16:13-41
111
112        <receiver
112-->[:flutter_background_service_android] AndroidManifest.xml:18:9-21:39
113            android:name="id.flutter.flutter_background_service.WatchdogReceiver"
113-->[:flutter_background_service_android] AndroidManifest.xml:19:13-82
114            android:enabled="true"
114-->[:flutter_background_service_android] AndroidManifest.xml:20:13-35
115            android:exported="true" />
115-->[:flutter_background_service_android] AndroidManifest.xml:21:13-36
116        <receiver
116-->[:flutter_background_service_android] AndroidManifest.xml:22:9-31:20
117            android:name="id.flutter.flutter_background_service.BootReceiver"
117-->[:flutter_background_service_android] AndroidManifest.xml:23:13-78
118            android:enabled="true"
118-->[:flutter_background_service_android] AndroidManifest.xml:24:13-35
119            android:exported="true" >
119-->[:flutter_background_service_android] AndroidManifest.xml:25:13-36
120            <intent-filter>
120-->[:flutter_background_service_android] AndroidManifest.xml:26:13-30:29
121                <action android:name="android.intent.action.BOOT_COMPLETED" />
121-->[:flutter_background_service_android] AndroidManifest.xml:27:17-79
121-->[:flutter_background_service_android] AndroidManifest.xml:27:25-76
122                <action android:name="android.intent.action.QUICKBOOT_POWERON" />
122-->[:flutter_background_service_android] AndroidManifest.xml:28:17-82
122-->[:flutter_background_service_android] AndroidManifest.xml:28:25-79
123                <action android:name="android.intent.action.MY_PACKAGE_REPLACED" />
123-->[:flutter_background_service_android] AndroidManifest.xml:29:17-84
123-->[:flutter_background_service_android] AndroidManifest.xml:29:25-81
124            </intent-filter>
125        </receiver>
126
127        <service
127-->[:cloud_firestore] AndroidManifest.xml:8:9-12:19
128            android:name="com.google.firebase.components.ComponentDiscoveryService"
128-->[:cloud_firestore] AndroidManifest.xml:8:18-89
129            android:directBootAware="true"
129-->[com.google.firebase:firebase-common:22.0.1] AndroidManifest.xml:32:13-43
130            android:exported="false" >
130-->[com.google.firebase:firebase-firestore:26.0.2] AndroidManifest.xml:16:13-37
131            <meta-data
131-->[:cloud_firestore] AndroidManifest.xml:9:13-11:85
132                android:name="com.google.firebase.components:io.flutter.plugins.firebase.firestore.FlutterFirebaseFirestoreRegistrar"
132-->[:cloud_firestore] AndroidManifest.xml:10:17-134
133                android:value="com.google.firebase.components.ComponentRegistrar" />
133-->[:cloud_firestore] AndroidManifest.xml:11:17-82
134            <meta-data
134-->[:firebase_auth] AndroidManifest.xml:9:13-11:85
135                android:name="com.google.firebase.components:io.flutter.plugins.firebase.auth.FlutterFirebaseAuthRegistrar"
135-->[:firebase_auth] AndroidManifest.xml:10:17-124
136                android:value="com.google.firebase.components.ComponentRegistrar" />
136-->[:firebase_auth] AndroidManifest.xml:11:17-82
137            <meta-data
137-->[:firebase_core] AndroidManifest.xml:9:13-11:85
138                android:name="com.google.firebase.components:io.flutter.plugins.firebase.core.FlutterFirebaseCoreRegistrar"
138-->[:firebase_core] AndroidManifest.xml:10:17-124
139                android:value="com.google.firebase.components.ComponentRegistrar" />
139-->[:firebase_core] AndroidManifest.xml:11:17-82
140            <meta-data
140-->[com.google.firebase:firebase-firestore:26.0.2] AndroidManifest.xml:17:13-19:85
141                android:name="com.google.firebase.components:com.google.firebase.firestore.FirebaseFirestoreKtxRegistrar"
141-->[com.google.firebase:firebase-firestore:26.0.2] AndroidManifest.xml:18:17-122
142                android:value="com.google.firebase.components.ComponentRegistrar" />
142-->[com.google.firebase:firebase-firestore:26.0.2] AndroidManifest.xml:19:17-82
143            <meta-data
143-->[com.google.firebase:firebase-firestore:26.0.2] AndroidManifest.xml:20:13-22:85
144                android:name="com.google.firebase.components:com.google.firebase.firestore.FirestoreRegistrar"
144-->[com.google.firebase:firebase-firestore:26.0.2] AndroidManifest.xml:21:17-111
145                android:value="com.google.firebase.components.ComponentRegistrar" />
145-->[com.google.firebase:firebase-firestore:26.0.2] AndroidManifest.xml:22:17-82
146            <meta-data
146-->[com.google.firebase:firebase-auth:24.0.1] AndroidManifest.xml:69:13-71:85
147                android:name="com.google.firebase.components:com.google.firebase.auth.FirebaseAuthRegistrar"
147-->[com.google.firebase:firebase-auth:24.0.1] AndroidManifest.xml:70:17-109
148                android:value="com.google.firebase.components.ComponentRegistrar" />
148-->[com.google.firebase:firebase-auth:24.0.1] AndroidManifest.xml:71:17-82
149            <meta-data
149-->[com.google.firebase:firebase-common:22.0.1] AndroidManifest.xml:35:13-37:85
150                android:name="com.google.firebase.components:com.google.firebase.FirebaseCommonKtxRegistrar"
150-->[com.google.firebase:firebase-common:22.0.1] AndroidManifest.xml:36:17-109
151                android:value="com.google.firebase.components.ComponentRegistrar" />
151-->[com.google.firebase:firebase-common:22.0.1] AndroidManifest.xml:37:17-82
152        </service>
153
154        <uses-library
154-->[androidx.window:window:1.2.0] AndroidManifest.xml:23:9-25:40
155            android:name="androidx.window.extensions"
155-->[androidx.window:window:1.2.0] AndroidManifest.xml:24:13-54
156            android:required="false" />
156-->[androidx.window:window:1.2.0] AndroidManifest.xml:25:13-37
157        <uses-library
157-->[androidx.window:window:1.2.0] AndroidManifest.xml:26:9-28:40
158            android:name="androidx.window.sidecar"
158-->[androidx.window:window:1.2.0] AndroidManifest.xml:27:13-51
159            android:required="false" />
159-->[androidx.window:window:1.2.0] AndroidManifest.xml:28:13-37
160
161        <activity
161-->[com.google.firebase:firebase-auth:24.0.1] AndroidManifest.xml:29:9-46:20
162            android:name="com.google.firebase.auth.internal.GenericIdpActivity"
162-->[com.google.firebase:firebase-auth:24.0.1] AndroidManifest.xml:30:13-80
163            android:excludeFromRecents="true"
163-->[com.google.firebase:firebase-auth:24.0.1] AndroidManifest.xml:31:13-46
164            android:exported="true"
164-->[com.google.firebase:firebase-auth:24.0.1] AndroidManifest.xml:32:13-36
165            android:launchMode="singleTask"
165-->[com.google.firebase:firebase-auth:24.0.1] AndroidManifest.xml:33:13-44
166            android:theme="@android:style/Theme.Translucent.NoTitleBar" >
166-->[com.google.firebase:firebase-auth:24.0.1] AndroidManifest.xml:34:13-72
167            <intent-filter>
167-->[com.google.firebase:firebase-auth:24.0.1] AndroidManifest.xml:35:13-45:29
168                <action android:name="android.intent.action.VIEW" />
168-->[com.google.firebase:firebase-auth:24.0.1] AndroidManifest.xml:36:17-69
168-->[com.google.firebase:firebase-auth:24.0.1] AndroidManifest.xml:36:25-66
169
170                <category android:name="android.intent.category.DEFAULT" />
170-->[com.google.firebase:firebase-auth:24.0.1] AndroidManifest.xml:38:17-76
170-->[com.google.firebase:firebase-auth:24.0.1] AndroidManifest.xml:38:27-73
171                <category android:name="android.intent.category.BROWSABLE" />
171-->[com.google.firebase:firebase-auth:24.0.1] AndroidManifest.xml:39:17-78
171-->[com.google.firebase:firebase-auth:24.0.1] AndroidManifest.xml:39:27-75
172
173                <data
173-->src/main/AndroidManifest.xml:66:13-50
174                    android:host="firebase.auth"
175                    android:path="/"
176                    android:scheme="genericidp" />
177            </intent-filter>
178        </activity>
179        <activity
179-->[com.google.firebase:firebase-auth:24.0.1] AndroidManifest.xml:47:9-64:20
180            android:name="com.google.firebase.auth.internal.RecaptchaActivity"
180-->[com.google.firebase:firebase-auth:24.0.1] AndroidManifest.xml:48:13-79
181            android:excludeFromRecents="true"
181-->[com.google.firebase:firebase-auth:24.0.1] AndroidManifest.xml:49:13-46
182            android:exported="true"
182-->[com.google.firebase:firebase-auth:24.0.1] AndroidManifest.xml:50:13-36
183            android:launchMode="singleTask"
183-->[com.google.firebase:firebase-auth:24.0.1] AndroidManifest.xml:51:13-44
184            android:theme="@android:style/Theme.Translucent.NoTitleBar" >
184-->[com.google.firebase:firebase-auth:24.0.1] AndroidManifest.xml:52:13-72
185            <intent-filter>
185-->[com.google.firebase:firebase-auth:24.0.1] AndroidManifest.xml:53:13-63:29
186                <action android:name="android.intent.action.VIEW" />
186-->[com.google.firebase:firebase-auth:24.0.1] AndroidManifest.xml:36:17-69
186-->[com.google.firebase:firebase-auth:24.0.1] AndroidManifest.xml:36:25-66
187
188                <category android:name="android.intent.category.DEFAULT" />
188-->[com.google.firebase:firebase-auth:24.0.1] AndroidManifest.xml:38:17-76
188-->[com.google.firebase:firebase-auth:24.0.1] AndroidManifest.xml:38:27-73
189                <category android:name="android.intent.category.BROWSABLE" />
189-->[com.google.firebase:firebase-auth:24.0.1] AndroidManifest.xml:39:17-78
189-->[com.google.firebase:firebase-auth:24.0.1] AndroidManifest.xml:39:27-75
190
191                <data
191-->src/main/AndroidManifest.xml:66:13-50
192                    android:host="firebase.auth"
193                    android:path="/"
194                    android:scheme="recaptcha" />
195            </intent-filter>
196        </activity>
197
198        <service
198-->[androidx.credentials:credentials-play-services-auth:1.2.0-rc01] AndroidManifest.xml:24:9-32:19
199            android:name="androidx.credentials.playservices.CredentialProviderMetadataHolder"
199-->[androidx.credentials:credentials-play-services-auth:1.2.0-rc01] AndroidManifest.xml:25:13-94
200            android:enabled="true"
200-->[androidx.credentials:credentials-play-services-auth:1.2.0-rc01] AndroidManifest.xml:26:13-35
201            android:exported="false" >
201-->[androidx.credentials:credentials-play-services-auth:1.2.0-rc01] AndroidManifest.xml:27:13-37
202            <meta-data
202-->[androidx.credentials:credentials-play-services-auth:1.2.0-rc01] AndroidManifest.xml:29:13-31:104
203                android:name="androidx.credentials.CREDENTIAL_PROVIDER_KEY"
203-->[androidx.credentials:credentials-play-services-auth:1.2.0-rc01] AndroidManifest.xml:30:17-76
204                android:value="androidx.credentials.playservices.CredentialProviderPlayServicesImpl" />
204-->[androidx.credentials:credentials-play-services-auth:1.2.0-rc01] AndroidManifest.xml:31:17-101
205        </service>
206
207        <activity
207-->[androidx.credentials:credentials-play-services-auth:1.2.0-rc01] AndroidManifest.xml:34:9-41:20
208            android:name="androidx.credentials.playservices.HiddenActivity"
208-->[androidx.credentials:credentials-play-services-auth:1.2.0-rc01] AndroidManifest.xml:35:13-76
209            android:configChanges="orientation|screenSize|screenLayout|keyboardHidden"
209-->[androidx.credentials:credentials-play-services-auth:1.2.0-rc01] AndroidManifest.xml:36:13-87
210            android:enabled="true"
210-->[androidx.credentials:credentials-play-services-auth:1.2.0-rc01] AndroidManifest.xml:37:13-35
211            android:exported="false"
211-->[androidx.credentials:credentials-play-services-auth:1.2.0-rc01] AndroidManifest.xml:38:13-37
212            android:fitsSystemWindows="true"
212-->[androidx.credentials:credentials-play-services-auth:1.2.0-rc01] AndroidManifest.xml:39:13-45
213            android:theme="@style/Theme.Hidden" >
213-->[androidx.credentials:credentials-play-services-auth:1.2.0-rc01] AndroidManifest.xml:40:13-48
214        </activity>
215        <activity
215-->[com.google.android.gms:play-services-auth:20.7.0] AndroidManifest.xml:23:9-27:75
216            android:name="com.google.android.gms.auth.api.signin.internal.SignInHubActivity"
216-->[com.google.android.gms:play-services-auth:20.7.0] AndroidManifest.xml:24:13-93
217            android:excludeFromRecents="true"
217-->[com.google.android.gms:play-services-auth:20.7.0] AndroidManifest.xml:25:13-46
218            android:exported="false"
218-->[com.google.android.gms:play-services-auth:20.7.0] AndroidManifest.xml:26:13-37
219            android:theme="@android:style/Theme.Translucent.NoTitleBar" />
219-->[com.google.android.gms:play-services-auth:20.7.0] AndroidManifest.xml:27:13-72
220        <!--
221            Service handling Google Sign-In user revocation. For apps that do not integrate with
222            Google Sign-In, this service will never be started.
223        -->
224        <service
224-->[com.google.android.gms:play-services-auth:20.7.0] AndroidManifest.xml:33:9-37:51
225            android:name="com.google.android.gms.auth.api.signin.RevocationBoundService"
225-->[com.google.android.gms:play-services-auth:20.7.0] AndroidManifest.xml:34:13-89
226            android:exported="true"
226-->[com.google.android.gms:play-services-auth:20.7.0] AndroidManifest.xml:35:13-36
227            android:permission="com.google.android.gms.auth.api.signin.permission.REVOCATION_NOTIFICATION"
227-->[com.google.android.gms:play-services-auth:20.7.0] AndroidManifest.xml:36:13-107
228            android:visibleToInstantApps="true" />
228-->[com.google.android.gms:play-services-auth:20.7.0] AndroidManifest.xml:37:13-48
229
230        <activity
230-->[com.google.android.gms:play-services-base:18.5.0] AndroidManifest.xml:5:9-173
231            android:name="com.google.android.gms.common.api.GoogleApiActivity"
231-->[com.google.android.gms:play-services-base:18.5.0] AndroidManifest.xml:5:19-85
232            android:exported="false"
232-->[com.google.android.gms:play-services-base:18.5.0] AndroidManifest.xml:5:146-170
233            android:theme="@android:style/Theme.Translucent.NoTitleBar" />
233-->[com.google.android.gms:play-services-base:18.5.0] AndroidManifest.xml:5:86-145
234
235        <provider
235-->[com.google.firebase:firebase-common:22.0.1] AndroidManifest.xml:23:9-28:39
236            android:name="com.google.firebase.provider.FirebaseInitProvider"
236-->[com.google.firebase:firebase-common:22.0.1] AndroidManifest.xml:24:13-77
237            android:authorities="com.example.myapp.firebaseinitprovider"
237-->[com.google.firebase:firebase-common:22.0.1] AndroidManifest.xml:25:13-72
238            android:directBootAware="true"
238-->[com.google.firebase:firebase-common:22.0.1] AndroidManifest.xml:26:13-43
239            android:exported="false"
239-->[com.google.firebase:firebase-common:22.0.1] AndroidManifest.xml:27:13-37
240            android:initOrder="100" />
240-->[com.google.firebase:firebase-common:22.0.1] AndroidManifest.xml:28:13-36
241        <provider
241-->[androidx.lifecycle:lifecycle-process:2.7.0] AndroidManifest.xml:24:9-32:20
242            android:name="androidx.startup.InitializationProvider"
242-->[androidx.lifecycle:lifecycle-process:2.7.0] AndroidManifest.xml:25:13-67
243            android:authorities="com.example.myapp.androidx-startup"
243-->[androidx.lifecycle:lifecycle-process:2.7.0] AndroidManifest.xml:26:13-68
244            android:exported="false" >
244-->[androidx.lifecycle:lifecycle-process:2.7.0] AndroidManifest.xml:27:13-37
245            <meta-data
245-->[androidx.lifecycle:lifecycle-process:2.7.0] AndroidManifest.xml:29:13-31:52
246                android:name="androidx.lifecycle.ProcessLifecycleInitializer"
246-->[androidx.lifecycle:lifecycle-process:2.7.0] AndroidManifest.xml:30:17-78
247                android:value="androidx.startup" />
247-->[androidx.lifecycle:lifecycle-process:2.7.0] AndroidManifest.xml:31:17-49
248            <meta-data
248-->[androidx.profileinstaller:profileinstaller:1.3.1] AndroidManifest.xml:29:13-31:52
249                android:name="androidx.profileinstaller.ProfileInstallerInitializer"
249-->[androidx.profileinstaller:profileinstaller:1.3.1] AndroidManifest.xml:30:17-85
250                android:value="androidx.startup" />
250-->[androidx.profileinstaller:profileinstaller:1.3.1] AndroidManifest.xml:31:17-49
251        </provider>
252
253        <meta-data
253-->[com.google.android.gms:play-services-basement:18.8.0] AndroidManifest.xml:21:9-23:69
254            android:name="com.google.android.gms.version"
254-->[com.google.android.gms:play-services-basement:18.8.0] AndroidManifest.xml:22:13-58
255            android:value="@integer/google_play_services_version" />
255-->[com.google.android.gms:play-services-basement:18.8.0] AndroidManifest.xml:23:13-66
256
257        <receiver
257-->[androidx.profileinstaller:profileinstaller:1.3.1] AndroidManifest.xml:34:9-52:20
258            android:name="androidx.profileinstaller.ProfileInstallReceiver"
258-->[androidx.profileinstaller:profileinstaller:1.3.1] AndroidManifest.xml:35:13-76
259            android:directBootAware="false"
259-->[androidx.profileinstaller:profileinstaller:1.3.1] AndroidManifest.xml:36:13-44
260            android:enabled="true"
260-->[androidx.profileinstaller:profileinstaller:1.3.1] AndroidManifest.xml:37:13-35
261            android:exported="true"
261-->[androidx.profileinstaller:profileinstaller:1.3.1] AndroidManifest.xml:38:13-36
262            android:permission="android.permission.DUMP" >
262-->[androidx.profileinstaller:profileinstaller:1.3.1] AndroidManifest.xml:39:13-57
263            <intent-filter>
263-->[androidx.profileinstaller:profileinstaller:1.3.1] AndroidManifest.xml:40:13-42:29
264                <action android:name="androidx.profileinstaller.action.INSTALL_PROFILE" />
264-->[androidx.profileinstaller:profileinstaller:1.3.1] AndroidManifest.xml:41:17-91
264-->[androidx.profileinstaller:profileinstaller:1.3.1] AndroidManifest.xml:41:25-88
265            </intent-filter>
266            <intent-filter>
266-->[androidx.profileinstaller:profileinstaller:1.3.1] AndroidManifest.xml:43:13-45:29
267                <action android:name="androidx.profileinstaller.action.SKIP_FILE" />
267-->[androidx.profileinstaller:profileinstaller:1.3.1] AndroidManifest.xml:44:17-85
267-->[androidx.profileinstaller:profileinstaller:1.3.1] AndroidManifest.xml:44:25-82
268            </intent-filter>
269            <intent-filter>
269-->[androidx.profileinstaller:profileinstaller:1.3.1] AndroidManifest.xml:46:13-48:29
270                <action android:name="androidx.profileinstaller.action.SAVE_PROFILE" />
270-->[androidx.profileinstaller:profileinstaller:1.3.1] AndroidManifest.xml:47:17-88
270-->[androidx.profileinstaller:profileinstaller:1.3.1] AndroidManifest.xml:47:25-85
271            </intent-filter>
272            <intent-filter>
272-->[androidx.profileinstaller:profileinstaller:1.3.1] AndroidManifest.xml:49:13-51:29
273                <action android:name="androidx.profileinstaller.action.BENCHMARK_OPERATION" />
273-->[androidx.profileinstaller:profileinstaller:1.3.1] AndroidManifest.xml:50:17-95
273-->[androidx.profileinstaller:profileinstaller:1.3.1] AndroidManifest.xml:50:25-92
274            </intent-filter>
275        </receiver> <!-- The activities will be merged into the manifest of the hosting app. -->
276        <activity
276-->[com.google.android.play:core-common:2.0.3] AndroidManifest.xml:14:9-18:65
277            android:name="com.google.android.play.core.common.PlayCoreDialogWrapperActivity"
277-->[com.google.android.play:core-common:2.0.3] AndroidManifest.xml:15:13-93
278            android:exported="false"
278-->[com.google.android.play:core-common:2.0.3] AndroidManifest.xml:16:13-37
279            android:stateNotNeeded="true"
279-->[com.google.android.play:core-common:2.0.3] AndroidManifest.xml:17:13-42
280            android:theme="@style/Theme.PlayCore.Transparent" />
280-->[com.google.android.play:core-common:2.0.3] AndroidManifest.xml:18:13-62
281    </application>
282
283</manifest>